<?xml version="1.0" encoding="UTF-8"?>
<!-- Generated by org.testng.reporters.JUnitReportReporter -->
<testsuite hostname="USBLRSOFNU1" name="dataValidation.TestClass.ValidationTest" tests="1" failures="0" timestamp="4 Jun 2020 06:26:07 GMT" time="3.450" errors="0">
  <testcase name="democomparingSrcTarget" time="3.450" classname="dataValidation.TestClass.ValidationTest"/>
</testsuite> <!-- dataValidation.TestClass.ValidationTest -->
