<?xml version="1.0" encoding="UTF-8"?>
<!-- Generated by org.testng.reporters.JUnitReportReporter -->
<testsuite hostname="USBLRANANDR22" name="filevaliadation.filevaliadation.csvValidationTest" tests="1" failures="0" timestamp="3 May 2020 08:32:53 GMT" time="25.105" errors="0">
  <testcase name="comparingSrcTarget" time="25.105" classname="filevaliadation.filevaliadation.csvValidationTest"/>
</testsuite> <!-- filevaliadation.filevaliadation.csvValidationTest -->
