<?xml version="1.0" encoding="UTF-8"?>
<!-- Generated by org.testng.reporters.JUnitReportReporter -->
<testsuite hostname="USBLRHLAKSHMAN4" name="dataValidation.TestClass.ValidationTest" tests="1" failures="0" timestamp="9 Jun 2020 10:02:07 GMT" time="1.989" errors="0">
  <testcase name="democomparingSrcTarget" time="1.989" classname="dataValidation.TestClass.ValidationTest"/>
</testsuite> <!-- dataValidation.TestClass.ValidationTest -->
