<?xml version="1.0" encoding="UTF-8"?>
<!-- Generated by org.testng.reporters.JUnitReportReporter -->
<testsuite hostname="USBLRHLAKSHMAN4" name="dataValidation.TestClass.ValidationTest" tests="1" failures="0" timestamp="9 Jun 2020 12:34:57 GMT" time="6.571" errors="0">
  <testcase name="democomparingSrcTarget" time="6.571" classname="dataValidation.TestClass.ValidationTest"/>
</testsuite> <!-- dataValidation.TestClass.ValidationTest -->
