<?xml version="1.0" encoding="UTF-8"?>
<!-- Generated by org.testng.reporters.JUnitReportReporter -->
<testsuite hostname="USBLRANANDR22" name="filevaliadation.filevaliadation.csvValidationTest" tests="1" failures="0" timestamp="30 Apr 2020 05:55:48 GMT" time="0.116" errors="0">
  <testcase name="comparingSrcTarget" time="0.116" classname="filevaliadation.filevaliadation.csvValidationTest"/>
</testsuite> <!-- filevaliadation.filevaliadation.csvValidationTest -->
